2017/03/23 01:02:12 [warning] [application] Failed to set unsafe attribute "page_field_id" of "Role".
in /var/www/html/yii1sample/kalpana/protected/controllers/RoleController.php (136)
in /var/www/html/yii1sample/kalpana/index.php (13)
2017/03/23 01:03:10 [warning] [application] Failed to set unsafe attribute "page_field_id" of "Role".
in /var/www/html/yii1sample/kalpana/protected/controllers/RoleController.php (214)
in /var/www/html/yii1sample/kalpana/protected/controllers/RoleController.php (123)
in /var/www/html/yii1sample/kalpana/index.php (13)
2017/03/23 01:03:10 [warning] [application] Failed to set unsafe attribute "page_field_id" of "Role".
in /var/www/html/yii1sample/kalpana/protected/controllers/RoleController.php (136)
in /var/www/html/yii1sample/kalpana/index.php (13)
2017/03/23 01:07:32 [error] [exception.CException] exception 'CException' with message 'Property "RoleAccess.actions_name" is not defined.' in /var/www/html/yii1sample/framework/base/CComponent.php:130
Stack trace:
#0 /var/www/html/yii1sample/framework/db/ar/CActiveRecord.php(145): CComponent->__get('actions_name')
#1 /var/www/html/yii1sample/kalpana/protected/controllers/RoleController.php(132): CActiveRecord->__get('actions_name')
#2 [internal function]: RoleController->actionUpdate('5')
#3 /var/www/html/yii1sample/framework/web/actions/CAction.php(109): ReflectionMethod->invokeArgs(Object(RoleController), Array)
#4 /var/www/html/yii1sample/framework/web/actions/CInlineAction.php(47): CAction->runWithParamsInternal(Object(RoleController), Object(ReflectionMethod), Array)
#5 /var/www/html/yii1sample/framework/web/CController.php(308): CInlineAction->runWithParams(Array)
#6 /var/www/html/yii1sample/framework/web/filters/CFilterChain.php(133): CController->runAction(Object(CInlineAction))
#7 /var/www/html/yii1sample/framework/web/filters/CFilter.php(40): CFilterChain->run()
#8 /var/www/html/yii1sample/framework/web/CController.php(1145): CFilter->filter(Object(CFilterChain))
#9 /var/www/html/yii1sample/framework/web/filters/CInlineFilter.php(58): CController->filterAccessControl(Object(CFilterChain))
#10 /var/www/html/yii1sample/framework/web/filters/CFilterChain.php(130): CInlineFilter->filter(Object(CFilterChain))
#11 /var/www/html/yii1sample/framework/web/CController.php(291): CFilterChain->run()
#12 /var/www/html/yii1sample/framework/web/CController.php(265): CController->runActionWithFilters(Object(CInlineAction), Array)
#13 /var/www/html/yii1sample/framework/web/CWebApplication.php(282): CController->run('update')
#14 /var/www/html/yii1sample/framework/web/CWebApplication.php(141): CWebApplication->runController('role/update')
#15 /var/www/html/yii1sample/framework/base/CApplication.php(185): CWebApplication->processRequest()
#16 /var/www/html/yii1sample/kalpana/index.php(13): CApplication->run()
#17 {main}
REQUEST_URI=/yii1sample/kalpana/index.php/role/update/5
HTTP_REFERER=http://localhost/yii1sample/kalpana/index.php/role/index
---
2017/03/23 01:16:16 [warning] [application] Failed to set unsafe attribute "page_field_id" of "Role".
in /var/www/html/yii1sample/kalpana/protected/controllers/RoleController.php (218)
in /var/www/html/yii1sample/kalpana/protected/controllers/RoleController.php (123)
in /var/www/html/yii1sample/kalpana/index.php (13)
2017/03/23 01:16:16 [warning] [application] Failed to set unsafe attribute "page_field_id" of "Role".
in /var/www/html/yii1sample/kalpana/protected/controllers/RoleController.php (218)
in /var/www/html/yii1sample/kalpana/protected/controllers/RoleController.php (123)
in /var/www/html/yii1sample/kalpana/index.php (13)
2017/03/23 01:16:16 [warning] [application] Failed to set unsafe attribute "page_field_id" of "Role".
in /var/www/html/yii1sample/kalpana/protected/controllers/RoleController.php (140)
in /var/www/html/yii1sample/kalpana/index.php (13)
2017/03/23 01:16:58 [error] [php] Undefined variable: roleAccess (/var/www/html/yii1sample/kalpana/protected/views/role/_form.php:71)
Stack trace:
#0 /var/www/html/yii1sample/framework/web/CController.php(869): RoleController->renderFile()
#1 /var/www/html/yii1sample/kalpana/protected/views/role/create.php(20): RoleController->renderPartial()
#2 /var/www/html/yii1sample/framework/web/CBaseController.php(126): require()
#3 /var/www/html/yii1sample/framework/web/CBaseController.php(95): RoleController->renderInternal()
#4 /var/www/html/yii1sample/framework/web/CController.php(869): RoleController->renderFile()
#5 /var/www/html/yii1sample/framework/web/CController.php(782): RoleController->renderPartial()
#6 /var/www/html/yii1sample/kalpana/protected/controllers/RoleController.php(78): RoleController->render()
#7 /var/www/html/yii1sample/framework/web/actions/CInlineAction.php(49): RoleController->actionCreate()
#8 /var/www/html/yii1sample/framework/web/CController.php(308): CInlineAction->runWithParams()
#9 /var/www/html/yii1sample/framework/web/filters/CFilterChain.php(133): RoleController->runAction()
#10 /var/www/html/yii1sample/framework/web/filters/CFilter.php(40): CFilterChain->run()
#11 /var/www/html/yii1sample/framework/web/CController.php(1145): CAccessControlFilter->filter()
#12 /var/www/html/yii1sample/framework/web/filters/CInlineFilter.php(58): RoleController->filterAccessControl()
#13 /var/www/html/yii1sample/framework/web/filters/CFilterChain.php(130): CInlineFilter->filter()
#14 /var/www/html/yii1sample/framework/web/CController.php(291): CFilterChain->run()
#15 /var/www/html/yii1sample/framework/web/CController.php(265): RoleController->runActionWithFilters()
#16 /var/www/html/yii1sample/framework/web/CWebApplication.php(282): RoleController->run()
#17 /var/www/html/yii1sample/framework/web/CWebApplication.php(141): CWebApplication->runController()
#18 /var/www/html/yii1sample/framework/base/CApplication.php(185): CWebApplication->processRequest()
#19 /var/www/html/yii1sample/kalpana/index.php(13): CWebApplication->run()
REQUEST_URI=/yii1sample/kalpana/index.php/role/create/
in /var/www/html/yii1sample/kalpana/protected/views/role/_form.php (71)
in /var/www/html/yii1sample/kalpana/protected/views/role/create.php (20)
in /var/www/html/yii1sample/kalpana/protected/controllers/RoleController.php (78)
2017/03/23 01:18:07 [error] [php] Undefined variable: roleAccess (/var/www/html/yii1sample/kalpana/protected/views/role/_form.php:71)
Stack trace:
#0 /var/www/html/yii1sample/framework/web/CController.php(869): RoleController->renderFile()
#1 /var/www/html/yii1sample/kalpana/protected/views/role/create.php(20): RoleController->renderPartial()
#2 /var/www/html/yii1sample/framework/web/CBaseController.php(126): require()
#3 /var/www/html/yii1sample/framework/web/CBaseController.php(95): RoleController->renderInternal()
#4 /var/www/html/yii1sample/framework/web/CController.php(869): RoleController->renderFile()
#5 /var/www/html/yii1sample/framework/web/CController.php(782): RoleController->renderPartial()
#6 /var/www/html/yii1sample/kalpana/protected/controllers/RoleController.php(79): RoleController->render()
#7 /var/www/html/yii1sample/framework/web/actions/CInlineAction.php(49): RoleController->actionCreate()
#8 /var/www/html/yii1sample/framework/web/CController.php(308): CInlineAction->runWithParams()
#9 /var/www/html/yii1sample/framework/web/filters/CFilterChain.php(133): RoleController->runAction()
#10 /var/www/html/yii1sample/framework/web/filters/CFilter.php(40): CFilterChain->run()
#11 /var/www/html/yii1sample/framework/web/CController.php(1145): CAccessControlFilter->filter()
#12 /var/www/html/yii1sample/framework/web/filters/CInlineFilter.php(58): RoleController->filterAccessControl()
#13 /var/www/html/yii1sample/framework/web/filters/CFilterChain.php(130): CInlineFilter->filter()
#14 /var/www/html/yii1sample/framework/web/CController.php(291): CFilterChain->run()
#15 /var/www/html/yii1sample/framework/web/CController.php(265): RoleController->runActionWithFilters()
#16 /var/www/html/yii1sample/framework/web/CWebApplication.php(282): RoleController->run()
#17 /var/www/html/yii1sample/framework/web/CWebApplication.php(141): CWebApplication->runController()
#18 /var/www/html/yii1sample/framework/base/CApplication.php(185): CWebApplication->processRequest()
#19 /var/www/html/yii1sample/kalpana/index.php(13): CWebApplication->run()
REQUEST_URI=/yii1sample/kalpana/index.php/role/create/
in /var/www/html/yii1sample/kalpana/protected/views/role/_form.php (71)
in /var/www/html/yii1sample/kalpana/protected/views/role/create.php (20)
in /var/www/html/yii1sample/kalpana/protected/controllers/RoleController.php (79)
2017/03/23 01:18:58 [warning] [application] Failed to set unsafe attribute "page_field_id" of "Role".
in /var/www/html/yii1sample/kalpana/protected/controllers/RoleController.php (219)
in /var/www/html/yii1sample/kalpana/protected/controllers/RoleController.php (66)
in /var/www/html/yii1sample/kalpana/index.php (13)
2017/03/23 01:18:58 [warning] [application] Failed to set unsafe attribute "page_field_id" of "Role".
in /var/www/html/yii1sample/kalpana/protected/controllers/RoleController.php (69)
in /var/www/html/yii1sample/kalpana/index.php (13)
2017/03/23 01:23:24 [error] [php] Undefined variable: accessArr (/var/www/html/yii1sample/kalpana/protected/components/Controller.php:63)
Stack trace:
#0 /var/www/html/yii1sample/framework/web/filters/CFilterChain.php(130): CInlineFilter->filter()
#1 /var/www/html/yii1sample/framework/web/CController.php(291): CFilterChain->run()
#2 /var/www/html/yii1sample/framework/web/CController.php(265): SiteController->runActionWithFilters()
#3 /var/www/html/yii1sample/framework/web/CWebApplication.php(282): SiteController->run()
#4 /var/www/html/yii1sample/framework/web/CWebApplication.php(141): CWebApplication->runController()
#5 /var/www/html/yii1sample/framework/base/CApplication.php(185): CWebApplication->processRequest()
#6 /var/www/html/yii1sample/kalpana/index.php(13): CWebApplication->run()
REQUEST_URI=/yii1sample/kalpana/index.php/site/login
in /var/www/html/yii1sample/kalpana/protected/components/Controller.php (63)
in /var/www/html/yii1sample/kalpana/index.php (13)
2017/03/23 01:23:55 [error] [php] Undefined variable: accessArr (/var/www/html/yii1sample/kalpana/protected/components/Controller.php:63)
Stack trace:
#0 /var/www/html/yii1sample/framework/web/filters/CFilterChain.php(130): CInlineFilter->filter()
#1 /var/www/html/yii1sample/framework/web/CController.php(291): CFilterChain->run()
#2 /var/www/html/yii1sample/framework/web/CController.php(265): SiteController->runActionWithFilters()
#3 /var/www/html/yii1sample/framework/web/CWebApplication.php(282): SiteController->run()
#4 /var/www/html/yii1sample/framework/web/CWebApplication.php(141): CWebApplication->runController()
#5 /var/www/html/yii1sample/framework/base/CApplication.php(185): CWebApplication->processRequest()
#6 /var/www/html/yii1sample/kalpana/index.php(13): CWebApplication->run()
REQUEST_URI=/yii1sample/kalpana/index.php/site/login
in /var/www/html/yii1sample/kalpana/protected/components/Controller.php (63)
in /var/www/html/yii1sample/kalpana/index.php (13)
2017/03/23 01:24:12 [error] [php] Invalid argument supplied for foreach() (/var/www/html/yii1sample/framework/web/auth/CAccessControlFilter.php:104)
Stack trace:
#0 /var/www/html/yii1sample/framework/web/filters/CFilterChain.php(130): CInlineFilter->filter()
#1 /var/www/html/yii1sample/framework/web/CController.php(291): CFilterChain->run()
#2 /var/www/html/yii1sample/framework/web/CController.php(265): SiteController->runActionWithFilters()
#3 /var/www/html/yii1sample/framework/web/CWebApplication.php(282): SiteController->run()
#4 /var/www/html/yii1sample/framework/web/CWebApplication.php(141): CWebApplication->runController()
#5 /var/www/html/yii1sample/framework/base/CApplication.php(185): CWebApplication->processRequest()
#6 /var/www/html/yii1sample/kalpana/index.php(13): CWebApplication->run()
REQUEST_URI=/yii1sample/kalpana/index.php/site/login
in /var/www/html/yii1sample/kalpana/index.php (13)
2017/03/23 01:24:36 [error] [exception.CHttpException.404] exception 'CHttpException' with message 'Unable to resolve the request "themes/kalpana/fonts/glyphicons-halflings-regular.woff2".' in /var/www/html/yii1sample/framework/web/CWebApplication.php:286
Stack trace:
#0 /var/www/html/yii1sample/framework/web/CWebApplication.php(141): CWebApplication->runController('themes/kalpana/...')
#1 /var/www/html/yii1sample/framework/base/CApplication.php(185): CWebApplication->processRequest()
#2 /var/www/html/yii1sample/kalpana/index.php(13): CApplication->run()
#3 {main}
REQUEST_URI=/yii1sample/kalpana/themes/kalpana/fonts/glyphicons-halflings-regular.woff2
HTTP_REFERER=http://localhost/yii1sample/kalpana/themes/kalpana/css/bootstrap.min.css
---
2017/03/23 01:24:37 [error] [exception.CHttpException.404] exception 'CHttpException' with message 'Unable to resolve the request "themes/kalpana/fonts/glyphicons-halflings-regular.woff".' in /var/www/html/yii1sample/framework/web/CWebApplication.php:286
Stack trace:
#0 /var/www/html/yii1sample/framework/web/CWebApplication.php(141): CWebApplication->runController('themes/kalpana/...')
#1 /var/www/html/yii1sample/framework/base/CApplication.php(185): CWebApplication->processRequest()
#2 /var/www/html/yii1sample/kalpana/index.php(13): CApplication->run()
#3 {main}
REQUEST_URI=/yii1sample/kalpana/themes/kalpana/fonts/glyphicons-halflings-regular.woff
HTTP_REFERER=http://localhost/yii1sample/kalpana/themes/kalpana/css/bootstrap.min.css
---
2017/03/23 01:24:37 [error] [exception.CHttpException.404] exception 'CHttpException' with message 'Unable to resolve the request "themes/kalpana/fonts/glyphicons-halflings-regular.ttf".' in /var/www/html/yii1sample/framework/web/CWebApplication.php:286
Stack trace:
#0 /var/www/html/yii1sample/framework/web/CWebApplication.php(141): CWebApplication->runController('themes/kalpana/...')
#1 /var/www/html/yii1sample/framework/base/CApplication.php(185): CWebApplication->processRequest()
#2 /var/www/html/yii1sample/kalpana/index.php(13): CApplication->run()
#3 {main}
REQUEST_URI=/yii1sample/kalpana/themes/kalpana/fonts/glyphicons-halflings-regular.ttf
HTTP_REFERER=http://localhost/yii1sample/kalpana/themes/kalpana/css/bootstrap.min.css
---
2017/03/23 01:24:44 [error] [system.db.CDbCommand] CDbCommand::fetchAll() failed: SQLSTATE[42S22]: Column not found: 1054 Unknown column 't.page_id' in 'on clause'. The SQL statement executed was: SELECT p.controller_name AS page_id,pf.field_name AS page_field_id FROM `role_access` `t`  LEFT JOIN page p ON p.id = t.page_id LEFT JOIN page_fields pf ON pf.id = t.page_field_id WHERE role_id=:ycp0.
in /var/www/html/yii1sample/kalpana/protected/components/UserIdentity.php (41)
in /var/www/html/yii1sample/kalpana/protected/models/LoginForm.php (42)
in /var/www/html/yii1sample/kalpana/protected/controllers/SiteController.php (94)
2017/03/23 01:24:44 [error] [exception.CDbException] exception 'CDbException' with message 'CDbCommand failed to execute the SQL statement: SQLSTATE[42S22]: Column not found: 1054 Unknown column 't.page_id' in 'on clause'. The SQL statement executed was: SELECT p.controller_name AS page_id,pf.field_name AS page_field_id FROM `role_access` `t`  LEFT JOIN page p ON p.id = t.page_id LEFT JOIN page_fields pf ON pf.id = t.page_field_id WHERE role_id=:ycp0' in /var/www/html/yii1sample/framework/db/CDbCommand.php:543
Stack trace:
#0 /var/www/html/yii1sample/framework/db/CDbCommand.php(396): CDbCommand->queryInternal('fetchAll', Array, Array)
#1 /var/www/html/yii1sample/framework/db/ar/CActiveRecord.php(1356): CDbCommand->queryAll()
#2 /var/www/html/yii1sample/framework/db/ar/CActiveRecord.php(1475): CActiveRecord->query(Object(CDbCriteria), true)
#3 /var/www/html/yii1sample/kalpana/protected/components/UserIdentity.php(41): CActiveRecord->findAll(Object(CDbCriteria))
#4 /var/www/html/yii1sample/kalpana/protected/models/LoginForm.php(42): UserIdentity->authenticate()
#5 /var/www/html/yii1sample/framework/validators/CInlineValidator.php(42): LoginForm->authenticate('password', Array)
#6 /var/www/html/yii1sample/framework/validators/CValidator.php(201): CInlineValidator->validateAttribute(Object(LoginForm), 'password')
#7 /var/www/html/yii1sample/framework/base/CModel.php(159): CValidator->validate(Object(LoginForm), NULL)
#8 /var/www/html/yii1sample/kalpana/protected/controllers/SiteController.php(94): CModel->validate()
#9 /var/www/html/yii1sample/framework/web/actions/CInlineAction.php(49): SiteController->actionLogin()
#10 /var/www/html/yii1sample/framework/web/CController.php(308): CInlineAction->runWithParams(Array)
#11 /var/www/html/yii1sample/framework/web/filters/CFilterChain.php(133): CController->runAction(Object(CInlineAction))
#12 /var/www/html/yii1sample/framework/web/filters/CFilter.php(40): CFilterChain->run()
#13 /var/www/html/yii1sample/framework/web/CController.php(1145): CFilter->filter(Object(CFilterChain))
#14 /var/www/html/yii1sample/framework/web/filters/CInlineFilter.php(58): CController->filterAccessControl(Object(CFilterChain))
#15 /var/www/html/yii1sample/framework/web/filters/CFilterChain.php(130): CInlineFilter->filter(Object(CFilterChain))
#16 /var/www/html/yii1sample/framework/web/CController.php(291): CFilterChain->run()
#17 /var/www/html/yii1sample/framework/web/CController.php(265): CController->runActionWithFilters(Object(CInlineAction), Array)
#18 /var/www/html/yii1sample/framework/web/CWebApplication.php(282): CController->run('login')
#19 /var/www/html/yii1sample/framework/web/CWebApplication.php(141): CWebApplication->runController('site/login')
#20 /var/www/html/yii1sample/framework/base/CApplication.php(185): CWebApplication->processRequest()
#21 /var/www/html/yii1sample/kalpana/index.php(13): CApplication->run()
#22 {main}
REQUEST_URI=/yii1sample/kalpana/index.php/site/login
HTTP_REFERER=http://localhost/yii1sample/kalpana/index.php/site/login
---
2017/03/23 01:36:20 [error] [php] Invalid argument supplied for foreach() (/var/www/html/yii1sample/framework/web/auth/CAccessControlFilter.php:104)
Stack trace:
#0 /var/www/html/yii1sample/framework/web/filters/CFilterChain.php(130): CInlineFilter->filter()
#1 /var/www/html/yii1sample/framework/web/CController.php(291): CFilterChain->run()
#2 /var/www/html/yii1sample/framework/web/CController.php(265): UserController->runActionWithFilters()
#3 /var/www/html/yii1sample/framework/web/CWebApplication.php(282): UserController->run()
#4 /var/www/html/yii1sample/framework/web/CWebApplication.php(141): CWebApplication->runController()
#5 /var/www/html/yii1sample/framework/base/CApplication.php(185): CWebApplication->processRequest()
#6 /var/www/html/yii1sample/kalpana/index.php(13): CWebApplication->run()
REQUEST_URI=/yii1sample/kalpana/index.php/user/index
in /var/www/html/yii1sample/kalpana/index.php (13)
2017/03/23 01:37:15 [error] [php] Invalid argument supplied for foreach() (/var/www/html/yii1sample/framework/web/auth/CAccessControlFilter.php:104)
Stack trace:
#0 /var/www/html/yii1sample/framework/web/filters/CFilterChain.php(130): CInlineFilter->filter()
#1 /var/www/html/yii1sample/framework/web/CController.php(291): CFilterChain->run()
#2 /var/www/html/yii1sample/framework/web/CController.php(265): UserController->runActionWithFilters()
#3 /var/www/html/yii1sample/framework/web/CWebApplication.php(282): UserController->run()
#4 /var/www/html/yii1sample/framework/web/CWebApplication.php(141): CWebApplication->runController()
#5 /var/www/html/yii1sample/framework/base/CApplication.php(185): CWebApplication->processRequest()
#6 /var/www/html/yii1sample/kalpana/index.php(13): CWebApplication->run()
REQUEST_URI=/yii1sample/kalpana/index.php/user/index
in /var/www/html/yii1sample/kalpana/index.php (13)
2017/03/23 01:37:29 [error] [php] Invalid argument supplied for foreach() (/var/www/html/yii1sample/framework/web/auth/CAccessControlFilter.php:104)
Stack trace:
#0 /var/www/html/yii1sample/framework/web/filters/CFilterChain.php(130): CInlineFilter->filter()
#1 /var/www/html/yii1sample/framework/web/CController.php(291): CFilterChain->run()
#2 /var/www/html/yii1sample/framework/web/CController.php(265): UserController->runActionWithFilters()
#3 /var/www/html/yii1sample/framework/web/CWebApplication.php(282): UserController->run()
#4 /var/www/html/yii1sample/framework/web/CWebApplication.php(141): CWebApplication->runController()
#5 /var/www/html/yii1sample/framework/base/CApplication.php(185): CWebApplication->processRequest()
#6 /var/www/html/yii1sample/kalpana/index.php(13): CWebApplication->run()
REQUEST_URI=/yii1sample/kalpana/index.php/user/create
in /var/www/html/yii1sample/kalpana/index.php (13)
2017/03/23 01:46:32 [error] [php] Undefined index: site (/var/www/html/yii1sample/kalpana/protected/components/Controller.php:54)
Stack trace:
#0 /var/www/html/yii1sample/framework/web/filters/CFilterChain.php(130): CInlineFilter->filter()
#1 /var/www/html/yii1sample/framework/web/CController.php(291): CFilterChain->run()
#2 /var/www/html/yii1sample/framework/web/CController.php(265): SiteController->runActionWithFilters()
#3 /var/www/html/yii1sample/framework/web/CWebApplication.php(282): SiteController->run()
#4 /var/www/html/yii1sample/framework/web/CWebApplication.php(141): CWebApplication->runController()
#5 /var/www/html/yii1sample/framework/base/CApplication.php(185): CWebApplication->processRequest()
#6 /var/www/html/yii1sample/kalpana/index.php(13): CWebApplication->run()
REQUEST_URI=/yii1sample/kalpana/index.php/site/login
in /var/www/html/yii1sample/kalpana/protected/components/Controller.php (54)
in /var/www/html/yii1sample/kalpana/index.php (13)
2017/03/23 01:46:34 [error] [php] Undefined index: site (/var/www/html/yii1sample/kalpana/protected/components/Controller.php:54)
Stack trace:
#0 /var/www/html/yii1sample/framework/web/filters/CFilterChain.php(130): CInlineFilter->filter()
#1 /var/www/html/yii1sample/framework/web/CController.php(291): CFilterChain->run()
#2 /var/www/html/yii1sample/framework/web/CController.php(265): SiteController->runActionWithFilters()
#3 /var/www/html/yii1sample/framework/web/CWebApplication.php(282): SiteController->run()
#4 /var/www/html/yii1sample/framework/web/CWebApplication.php(141): CWebApplication->runController()
#5 /var/www/html/yii1sample/framework/base/CApplication.php(185): CWebApplication->processRequest()
#6 /var/www/html/yii1sample/kalpana/index.php(13): CWebApplication->run()
REQUEST_URI=/yii1sample/kalpana/index.php/site/logout
in /var/www/html/yii1sample/kalpana/protected/components/Controller.php (54)
in /var/www/html/yii1sample/kalpana/index.php (13)
2017/03/23 01:46:55 [error] [php] Undefined index: site (/var/www/html/yii1sample/kalpana/protected/components/Controller.php:54)
Stack trace:
#0 /var/www/html/yii1sample/framework/web/filters/CFilterChain.php(130): CInlineFilter->filter()
#1 /var/www/html/yii1sample/framework/web/CController.php(291): CFilterChain->run()
#2 /var/www/html/yii1sample/framework/web/CController.php(265): SiteController->runActionWithFilters()
#3 /var/www/html/yii1sample/framework/web/CWebApplication.php(282): SiteController->run()
#4 /var/www/html/yii1sample/framework/web/CWebApplication.php(141): CWebApplication->runController()
#5 /var/www/html/yii1sample/framework/base/CApplication.php(185): CWebApplication->processRequest()
#6 /var/www/html/yii1sample/kalpana/index.php(13): CWebApplication->run()
REQUEST_URI=/yii1sample/kalpana/index.php/site/logout
in /var/www/html/yii1sample/kalpana/protected/components/Controller.php (54)
in /var/www/html/yii1sample/kalpana/index.php (13)
2017/03/23 01:47:00 [error] [php] Undefined index: site (/var/www/html/yii1sample/kalpana/protected/components/Controller.php:54)
Stack trace:
#0 /var/www/html/yii1sample/framework/web/filters/CFilterChain.php(130): CInlineFilter->filter()
#1 /var/www/html/yii1sample/framework/web/CController.php(291): CFilterChain->run()
#2 /var/www/html/yii1sample/framework/web/CController.php(265): SiteController->runActionWithFilters()
#3 /var/www/html/yii1sample/framework/web/CWebApplication.php(282): SiteController->run()
#4 /var/www/html/yii1sample/framework/web/CWebApplication.php(141): CWebApplication->runController()
#5 /var/www/html/yii1sample/framework/base/CApplication.php(185): CWebApplication->processRequest()
#6 /var/www/html/yii1sample/kalpana/index.php(13): CWebApplication->run()
REQUEST_URI=/yii1sample/kalpana/index.php/site/logout
in /var/www/html/yii1sample/kalpana/protected/components/Controller.php (54)
in /var/www/html/yii1sample/kalpana/index.php (13)
2017/03/23 01:47:43 [error] [php] Invalid argument supplied for foreach() (/var/www/html/yii1sample/framework/web/auth/CAccessControlFilter.php:104)
Stack trace:
#0 /var/www/html/yii1sample/framework/web/filters/CFilterChain.php(130): CInlineFilter->filter()
#1 /var/www/html/yii1sample/framework/web/CController.php(291): CFilterChain->run()
#2 /var/www/html/yii1sample/framework/web/CController.php(265): SiteController->runActionWithFilters()
#3 /var/www/html/yii1sample/framework/web/CWebApplication.php(282): SiteController->run()
#4 /var/www/html/yii1sample/framework/web/CWebApplication.php(141): CWebApplication->runController()
#5 /var/www/html/yii1sample/framework/base/CApplication.php(185): CWebApplication->processRequest()
#6 /var/www/html/yii1sample/kalpana/index.php(13): CWebApplication->run()
REQUEST_URI=/yii1sample/kalpana/index.php/site/logout
in /var/www/html/yii1sample/kalpana/index.php (13)
2017/03/23 01:48:41 [error] [php] Invalid argument supplied for foreach() (/var/www/html/yii1sample/framework/web/auth/CAccessControlFilter.php:104)
Stack trace:
#0 /var/www/html/yii1sample/framework/web/filters/CFilterChain.php(130): CInlineFilter->filter()
#1 /var/www/html/yii1sample/framework/web/CController.php(291): CFilterChain->run()
#2 /var/www/html/yii1sample/framework/web/CController.php(265): SiteController->runActionWithFilters()
#3 /var/www/html/yii1sample/framework/web/CWebApplication.php(282): SiteController->run()
#4 /var/www/html/yii1sample/framework/web/CWebApplication.php(141): CWebApplication->runController()
#5 /var/www/html/yii1sample/framework/base/CApplication.php(185): CWebApplication->processRequest()
#6 /var/www/html/yii1sample/kalpana/index.php(13): CWebApplication->run()
REQUEST_URI=/yii1sample/kalpana/index.php/site/logout
in /var/www/html/yii1sample/kalpana/index.php (13)
2017/03/23 01:48:43 [error] [php] Invalid argument supplied for foreach() (/var/www/html/yii1sample/framework/web/auth/CAccessControlFilter.php:104)
Stack trace:
#0 /var/www/html/yii1sample/framework/web/filters/CFilterChain.php(130): CInlineFilter->filter()
#1 /var/www/html/yii1sample/framework/web/CController.php(291): CFilterChain->run()
#2 /var/www/html/yii1sample/framework/web/CController.php(265): SiteController->runActionWithFilters()
#3 /var/www/html/yii1sample/framework/web/CWebApplication.php(282): SiteController->run()
#4 /var/www/html/yii1sample/framework/web/CWebApplication.php(141): CWebApplication->runController()
#5 /var/www/html/yii1sample/framework/base/CApplication.php(185): CWebApplication->processRequest()
#6 /var/www/html/yii1sample/kalpana/index.php(13): CWebApplication->run()
REQUEST_URI=/yii1sample/kalpana/index.php/site/logout
in /var/www/html/yii1sample/kalpana/index.php (13)
2017/03/23 01:48:52 [error] [php] Invalid argument supplied for foreach() (/var/www/html/yii1sample/framework/web/auth/CAccessControlFilter.php:104)
Stack trace:
#0 /var/www/html/yii1sample/framework/web/filters/CFilterChain.php(130): CInlineFilter->filter()
#1 /var/www/html/yii1sample/framework/web/CController.php(291): CFilterChain->run()
#2 /var/www/html/yii1sample/framework/web/CController.php(265): SiteController->runActionWithFilters()
#3 /var/www/html/yii1sample/framework/web/CWebApplication.php(282): SiteController->run()
#4 /var/www/html/yii1sample/framework/web/CWebApplication.php(141): CWebApplication->runController()
#5 /var/www/html/yii1sample/framework/base/CApplication.php(185): CWebApplication->processRequest()
#6 /var/www/html/yii1sample/kalpana/index.php(13): CWebApplication->run()
REQUEST_URI=/yii1sample/kalpana/index.php/site/logout
in /var/www/html/yii1sample/kalpana/index.php (13)
2017/03/23 01:49:36 [error] [php] Invalid argument supplied for foreach() (/var/www/html/yii1sample/framework/web/auth/CAccessControlFilter.php:104)
Stack trace:
#0 /var/www/html/yii1sample/framework/web/filters/CFilterChain.php(130): CInlineFilter->filter()
#1 /var/www/html/yii1sample/framework/web/CController.php(291): CFilterChain->run()
#2 /var/www/html/yii1sample/framework/web/CController.php(265): SiteController->runActionWithFilters()
#3 /var/www/html/yii1sample/framework/web/CWebApplication.php(282): SiteController->run()
#4 /var/www/html/yii1sample/framework/web/CWebApplication.php(141): CWebApplication->runController()
#5 /var/www/html/yii1sample/framework/base/CApplication.php(185): CWebApplication->processRequest()
#6 /var/www/html/yii1sample/kalpana/index.php(13): CWebApplication->run()
REQUEST_URI=/yii1sample/kalpana/index.php/site/login
in /var/www/html/yii1sample/kalpana/index.php (13)
2017/03/23 01:49:36 [error] [php] Invalid argument supplied for foreach() (/var/www/html/yii1sample/framework/web/auth/CAccessControlFilter.php:104)
Stack trace:
#0 /var/www/html/yii1sample/framework/web/filters/CFilterChain.php(130): CInlineFilter->filter()
#1 /var/www/html/yii1sample/framework/web/CController.php(291): CFilterChain->run()
#2 /var/www/html/yii1sample/framework/web/CController.php(265): SiteController->runActionWithFilters()
#3 /var/www/html/yii1sample/framework/web/CWebApplication.php(282): SiteController->run()
#4 /var/www/html/yii1sample/framework/web/CWebApplication.php(141): CWebApplication->runController()
#5 /var/www/html/yii1sample/framework/base/CApplication.php(185): CWebApplication->processRequest()
#6 /var/www/html/yii1sample/kalpana/index.php(13): CWebApplication->run()
REQUEST_URI=/yii1sample/kalpana/index.php/site/login
in /var/www/html/yii1sample/kalpana/index.php (13)
2017/03/23 01:50:11 [error] [exception.CHttpException.404] exception 'CHttpException' with message 'Unable to resolve the request "themes/kalpana/fonts/glyphicons-halflings-regular.woff2".' in /var/www/html/yii1sample/framework/web/CWebApplication.php:286
Stack trace:
#0 /var/www/html/yii1sample/framework/web/CWebApplication.php(141): CWebApplication->runController('themes/kalpana/...')
#1 /var/www/html/yii1sample/framework/base/CApplication.php(185): CWebApplication->processRequest()
#2 /var/www/html/yii1sample/kalpana/index.php(13): CApplication->run()
#3 {main}
REQUEST_URI=/yii1sample/kalpana/themes/kalpana/fonts/glyphicons-halflings-regular.woff2
HTTP_REFERER=http://localhost/yii1sample/kalpana/themes/kalpana/css/bootstrap.min.css
---
2017/03/23 01:50:11 [error] [exception.CHttpException.404] exception 'CHttpException' with message 'Unable to resolve the request "themes/kalpana/fonts/glyphicons-halflings-regular.woff".' in /var/www/html/yii1sample/framework/web/CWebApplication.php:286
Stack trace:
#0 /var/www/html/yii1sample/framework/web/CWebApplication.php(141): CWebApplication->runController('themes/kalpana/...')
#1 /var/www/html/yii1sample/framework/base/CApplication.php(185): CWebApplication->processRequest()
#2 /var/www/html/yii1sample/kalpana/index.php(13): CApplication->run()
#3 {main}
REQUEST_URI=/yii1sample/kalpana/themes/kalpana/fonts/glyphicons-halflings-regular.woff
HTTP_REFERER=http://localhost/yii1sample/kalpana/themes/kalpana/css/bootstrap.min.css
---
2017/03/23 01:50:11 [error] [exception.CHttpException.404] exception 'CHttpException' with message 'Unable to resolve the request "themes/kalpana/fonts/glyphicons-halflings-regular.ttf".' in /var/www/html/yii1sample/framework/web/CWebApplication.php:286
Stack trace:
#0 /var/www/html/yii1sample/framework/web/CWebApplication.php(141): CWebApplication->runController('themes/kalpana/...')
#1 /var/www/html/yii1sample/framework/base/CApplication.php(185): CWebApplication->processRequest()
#2 /var/www/html/yii1sample/kalpana/index.php(13): CApplication->run()
#3 {main}
REQUEST_URI=/yii1sample/kalpana/themes/kalpana/fonts/glyphicons-halflings-regular.ttf
HTTP_REFERER=http://localhost/yii1sample/kalpana/themes/kalpana/css/bootstrap.min.css
---
2017/03/23 01:50:25 [error] [exception.CHttpException.404] exception 'CHttpException' with message 'Unable to resolve the request "themes/kalpana/fonts/glyphicons-halflings-regular.woff2".' in /var/www/html/yii1sample/framework/web/CWebApplication.php:286
Stack trace:
#0 /var/www/html/yii1sample/framework/web/CWebApplication.php(141): CWebApplication->runController('themes/kalpana/...')
#1 /var/www/html/yii1sample/framework/base/CApplication.php(185): CWebApplication->processRequest()
#2 /var/www/html/yii1sample/kalpana/index.php(13): CApplication->run()
#3 {main}
REQUEST_URI=/yii1sample/kalpana/themes/kalpana/fonts/glyphicons-halflings-regular.woff2
HTTP_REFERER=http://localhost/yii1sample/kalpana/themes/kalpana/css/bootstrap.min.css
---
2017/03/23 01:50:25 [error] [exception.CHttpException.404] exception 'CHttpException' with message 'Unable to resolve the request "themes/kalpana/fonts/glyphicons-halflings-regular.woff".' in /var/www/html/yii1sample/framework/web/CWebApplication.php:286
Stack trace:
#0 /var/www/html/yii1sample/framework/web/CWebApplication.php(141): CWebApplication->runController('themes/kalpana/...')
#1 /var/www/html/yii1sample/framework/base/CApplication.php(185): CWebApplication->processRequest()
#2 /var/www/html/yii1sample/kalpana/index.php(13): CApplication->run()
#3 {main}
REQUEST_URI=/yii1sample/kalpana/themes/kalpana/fonts/glyphicons-halflings-regular.woff
HTTP_REFERER=http://localhost/yii1sample/kalpana/themes/kalpana/css/bootstrap.min.css
---
2017/03/23 01:50:25 [error] [exception.CHttpException.404] exception 'CHttpException' with message 'Unable to resolve the request "themes/kalpana/fonts/glyphicons-halflings-regular.ttf".' in /var/www/html/yii1sample/framework/web/CWebApplication.php:286
Stack trace:
#0 /var/www/html/yii1sample/framework/web/CWebApplication.php(141): CWebApplication->runController('themes/kalpana/...')
#1 /var/www/html/yii1sample/framework/base/CApplication.php(185): CWebApplication->processRequest()
#2 /var/www/html/yii1sample/kalpana/index.php(13): CApplication->run()
#3 {main}
REQUEST_URI=/yii1sample/kalpana/themes/kalpana/fonts/glyphicons-halflings-regular.ttf
HTTP_REFERER=http://localhost/yii1sample/kalpana/themes/kalpana/css/bootstrap.min.css
---
2017/03/23 22:54:14 [error] [exception.CHttpException.404] exception 'CHttpException' with message 'Unable to resolve the request "themes/kalpana/fonts/glyphicons-halflings-regular.woff2".' in /var/www/html/yii1sample/framework/web/CWebApplication.php:286
Stack trace:
#0 /var/www/html/yii1sample/framework/web/CWebApplication.php(141): CWebApplication->runController('themes/kalpana/...')
#1 /var/www/html/yii1sample/framework/base/CApplication.php(185): CWebApplication->processRequest()
#2 /var/www/html/yii1sample/kalpana/index.php(13): CApplication->run()
#3 {main}
REQUEST_URI=/yii1sample/kalpana/themes/kalpana/fonts/glyphicons-halflings-regular.woff2
HTTP_REFERER=http://localhost/yii1sample/kalpana/themes/kalpana/css/bootstrap.min.css
---
2017/03/23 22:54:14 [error] [exception.CHttpException.404] exception 'CHttpException' with message 'Unable to resolve the request "themes/kalpana/fonts/glyphicons-halflings-regular.woff".' in /var/www/html/yii1sample/framework/web/CWebApplication.php:286
Stack trace:
#0 /var/www/html/yii1sample/framework/web/CWebApplication.php(141): CWebApplication->runController('themes/kalpana/...')
#1 /var/www/html/yii1sample/framework/base/CApplication.php(185): CWebApplication->processRequest()
#2 /var/www/html/yii1sample/kalpana/index.php(13): CApplication->run()
#3 {main}
REQUEST_URI=/yii1sample/kalpana/themes/kalpana/fonts/glyphicons-halflings-regular.woff
HTTP_REFERER=http://localhost/yii1sample/kalpana/themes/kalpana/css/bootstrap.min.css
---
2017/03/23 22:54:14 [error] [exception.CHttpException.404] exception 'CHttpException' with message 'Unable to resolve the request "themes/kalpana/fonts/glyphicons-halflings-regular.ttf".' in /var/www/html/yii1sample/framework/web/CWebApplication.php:286
Stack trace:
#0 /var/www/html/yii1sample/framework/web/CWebApplication.php(141): CWebApplication->runController('themes/kalpana/...')
#1 /var/www/html/yii1sample/framework/base/CApplication.php(185): CWebApplication->processRequest()
#2 /var/www/html/yii1sample/kalpana/index.php(13): CApplication->run()
#3 {main}
REQUEST_URI=/yii1sample/kalpana/themes/kalpana/fonts/glyphicons-halflings-regular.ttf
HTTP_REFERER=http://localhost/yii1sample/kalpana/themes/kalpana/css/bootstrap.min.css
---
2017/03/23 23:26:41 [error] [php] Invalid argument supplied for foreach() (/var/www/html/yii1sample/framework/web/auth/CAccessControlFilter.php:104)
Stack trace:
#0 /var/www/html/yii1sample/framework/web/filters/CFilterChain.php(130): CInlineFilter->filter()
#1 /var/www/html/yii1sample/framework/web/CController.php(291): CFilterChain->run()
#2 /var/www/html/yii1sample/framework/web/CController.php(265): UserController->runActionWithFilters()
#3 /var/www/html/yii1sample/framework/web/CWebApplication.php(282): UserController->run()
#4 /var/www/html/yii1sample/framework/web/CWebApplication.php(141): CWebApplication->runController()
#5 /var/www/html/yii1sample/framework/base/CApplication.php(185): CWebApplication->processRequest()
#6 /var/www/html/yii1sample/kalpana/index.php(13): CWebApplication->run()
REQUEST_URI=/yii1sample/kalpana/index.php/user/create
in /var/www/html/yii1sample/kalpana/index.php (13)
2017/03/24 18:55:58 [error] [exception.CHttpException.404] exception 'CHttpException' with message 'Unable to resolve the request "themes/kalpana/fonts/glyphicons-halflings-regular.woff2".' in /var/www/html/yii1sample/framework/web/CWebApplication.php:286
Stack trace:
#0 /var/www/html/yii1sample/framework/web/CWebApplication.php(141): CWebApplication->runController('themes/kalpana/...')
#1 /var/www/html/yii1sample/framework/base/CApplication.php(185): CWebApplication->processRequest()
#2 /var/www/html/yii1sample/kalpana/index.php(13): CApplication->run()
#3 {main}
REQUEST_URI=/yii1sample/kalpana/themes/kalpana/fonts/glyphicons-halflings-regular.woff2
HTTP_REFERER=http://localhost/yii1sample/kalpana/themes/kalpana/css/bootstrap.min.css
---
2017/03/24 18:55:58 [error] [exception.CHttpException.404] exception 'CHttpException' with message 'Unable to resolve the request "themes/kalpana/fonts/glyphicons-halflings-regular.woff".' in /var/www/html/yii1sample/framework/web/CWebApplication.php:286
Stack trace:
#0 /var/www/html/yii1sample/framework/web/CWebApplication.php(141): CWebApplication->runController('themes/kalpana/...')
#1 /var/www/html/yii1sample/framework/base/CApplication.php(185): CWebApplication->processRequest()
#2 /var/www/html/yii1sample/kalpana/index.php(13): CApplication->run()
#3 {main}
REQUEST_URI=/yii1sample/kalpana/themes/kalpana/fonts/glyphicons-halflings-regular.woff
HTTP_REFERER=http://localhost/yii1sample/kalpana/themes/kalpana/css/bootstrap.min.css
---
2017/03/24 18:55:58 [error] [exception.CHttpException.404] exception 'CHttpException' with message 'Unable to resolve the request "themes/kalpana/fonts/glyphicons-halflings-regular.ttf".' in /var/www/html/yii1sample/framework/web/CWebApplication.php:286
Stack trace:
#0 /var/www/html/yii1sample/framework/web/CWebApplication.php(141): CWebApplication->runController('themes/kalpana/...')
#1 /var/www/html/yii1sample/framework/base/CApplication.php(185): CWebApplication->processRequest()
#2 /var/www/html/yii1sample/kalpana/index.php(13): CApplication->run()
#3 {main}
REQUEST_URI=/yii1sample/kalpana/themes/kalpana/fonts/glyphicons-halflings-regular.ttf
HTTP_REFERER=http://localhost/yii1sample/kalpana/themes/kalpana/css/bootstrap.min.css
---
2017/03/24 18:58:03 [error] [php] Undefined index: site (/var/www/html/yii1sample/kalpana/protected/components/Controller.php:54)
Stack trace:
#0 /var/www/html/yii1sample/framework/web/filters/CFilterChain.php(130): CInlineFilter->filter()
#1 /var/www/html/yii1sample/framework/web/CController.php(291): CFilterChain->run()
#2 /var/www/html/yii1sample/framework/web/CController.php(265): SiteController->runActionWithFilters()
#3 /var/www/html/yii1sample/framework/web/CWebApplication.php(282): SiteController->run()
#4 /var/www/html/yii1sample/framework/web/CWebApplication.php(141): CWebApplication->runController()
#5 /var/www/html/yii1sample/framework/base/CApplication.php(185): CWebApplication->processRequest()
#6 /var/www/html/yii1sample/kalpana/index.php(13): CWebApplication->run()
REQUEST_URI=/yii1sample/kalpana/index.php
in /var/www/html/yii1sample/kalpana/protected/components/Controller.php (54)
in /var/www/html/yii1sample/kalpana/index.php (13)
2017/03/24 18:58:46 [error] [php] Invalid argument supplied for foreach() (/var/www/html/yii1sample/framework/web/auth/CAccessControlFilter.php:104)
Stack trace:
#0 /var/www/html/yii1sample/framework/web/filters/CFilterChain.php(130): CInlineFilter->filter()
#1 /var/www/html/yii1sample/framework/web/CController.php(291): CFilterChain->run()
#2 /var/www/html/yii1sample/framework/web/CController.php(265): UserController->runActionWithFilters()
#3 /var/www/html/yii1sample/framework/web/CWebApplication.php(282): UserController->run()
#4 /var/www/html/yii1sample/framework/web/CWebApplication.php(141): CWebApplication->runController()
#5 /var/www/html/yii1sample/framework/base/CApplication.php(185): CWebApplication->processRequest()
#6 /var/www/html/yii1sample/kalpana/index.php(13): CWebApplication->run()
REQUEST_URI=/yii1sample/kalpana/user/index
in /var/www/html/yii1sample/kalpana/index.php (13)
2017/03/24 18:59:14 [error] [php] Undefined variable: controllerId (/var/www/html/yii1sample/kalpana/protected/components/Controller.php:54)
Stack trace:
#0 /var/www/html/yii1sample/framework/web/filters/CInlineFilter.php(58): UserController->filterAccessControl()
#1 /var/www/html/yii1sample/framework/web/filters/CFilterChain.php(130): CInlineFilter->filter()
#2 /var/www/html/yii1sample/framework/web/CController.php(291): CFilterChain->run()
#3 /var/www/html/yii1sample/framework/web/CController.php(265): UserController->runActionWithFilters()
#4 /var/www/html/yii1sample/framework/web/CWebApplication.php(282): UserController->run()
#5 /var/www/html/yii1sample/framework/web/CWebApplication.php(141): CWebApplication->runController()
#6 /var/www/html/yii1sample/framework/base/CApplication.php(185): CWebApplication->processRequest()
#7 /var/www/html/yii1sample/kalpana/index.php(13): CWebApplication->run()
REQUEST_URI=/yii1sample/kalpana/user/index
in /var/www/html/yii1sample/kalpana/protected/components/Controller.php (54)
in /var/www/html/yii1sample/kalpana/protected/controllers/UserController.php (26)
in /var/www/html/yii1sample/kalpana/index.php (13)
2017/03/24 18:59:30 [error] [php] Invalid argument supplied for foreach() (/var/www/html/yii1sample/framework/web/auth/CAccessControlFilter.php:104)
Stack trace:
#0 /var/www/html/yii1sample/framework/web/filters/CFilterChain.php(130): CInlineFilter->filter()
#1 /var/www/html/yii1sample/framework/web/CController.php(291): CFilterChain->run()
#2 /var/www/html/yii1sample/framework/web/CController.php(265): UserController->runActionWithFilters()
#3 /var/www/html/yii1sample/framework/web/CWebApplication.php(282): UserController->run()
#4 /var/www/html/yii1sample/framework/web/CWebApplication.php(141): CWebApplication->runController()
#5 /var/www/html/yii1sample/framework/base/CApplication.php(185): CWebApplication->processRequest()
#6 /var/www/html/yii1sample/kalpana/index.php(13): CWebApplication->run()
REQUEST_URI=/yii1sample/kalpana/user/index
in /var/www/html/yii1sample/kalpana/index.php (13)
2017/03/24 19:05:46 [error] [php] Invalid argument supplied for foreach() (/var/www/html/yii1sample/framework/web/auth/CAccessControlFilter.php:104)
Stack trace:
#0 /var/www/html/yii1sample/framework/web/filters/CFilterChain.php(130): CInlineFilter->filter()
#1 /var/www/html/yii1sample/framework/web/CController.php(291): CFilterChain->run()
#2 /var/www/html/yii1sample/framework/web/CController.php(265): UserController->runActionWithFilters()
#3 /var/www/html/yii1sample/framework/web/CWebApplication.php(282): UserController->run()
#4 /var/www/html/yii1sample/framework/web/CWebApplication.php(141): CWebApplication->runController()
#5 /var/www/html/yii1sample/framework/base/CApplication.php(185): CWebApplication->processRequest()
#6 /var/www/html/yii1sample/kalpana/index.php(13): CWebApplication->run()
REQUEST_URI=/yii1sample/kalpana/index.php/user/update/1
in /var/www/html/yii1sample/kalpana/index.php (13)
2017/03/24 19:05:59 [error] [php] Invalid argument supplied for foreach() (/var/www/html/yii1sample/framework/web/auth/CAccessControlFilter.php:104)
Stack trace:
#0 /var/www/html/yii1sample/framework/web/filters/CFilterChain.php(130): CInlineFilter->filter()
#1 /var/www/html/yii1sample/framework/web/CController.php(291): CFilterChain->run()
#2 /var/www/html/yii1sample/framework/web/CController.php(265): UserController->runActionWithFilters()
#3 /var/www/html/yii1sample/framework/web/CWebApplication.php(282): UserController->run()
#4 /var/www/html/yii1sample/framework/web/CWebApplication.php(141): CWebApplication->runController()
#5 /var/www/html/yii1sample/framework/base/CApplication.php(185): CWebApplication->processRequest()
#6 /var/www/html/yii1sample/kalpana/index.php(13): CWebApplication->run()
REQUEST_URI=/yii1sample/kalpana/index.php/user/update/1
in /var/www/html/yii1sample/kalpana/index.php (13)
2017/03/24 19:06:17 [error] [php] Invalid argument supplied for foreach() (/var/www/html/yii1sample/framework/web/auth/CAccessControlFilter.php:105)
Stack trace:
#0 /var/www/html/yii1sample/framework/web/filters/CFilterChain.php(130): CInlineFilter->filter()
#1 /var/www/html/yii1sample/framework/web/CController.php(291): CFilterChain->run()
#2 /var/www/html/yii1sample/framework/web/CController.php(265): UserController->runActionWithFilters()
#3 /var/www/html/yii1sample/framework/web/CWebApplication.php(282): UserController->run()
#4 /var/www/html/yii1sample/framework/web/CWebApplication.php(141): CWebApplication->runController()
#5 /var/www/html/yii1sample/framework/base/CApplication.php(185): CWebApplication->processRequest()
#6 /var/www/html/yii1sample/kalpana/index.php(13): CWebApplication->run()
REQUEST_URI=/yii1sample/kalpana/index.php/user/update/1
in /var/www/html/yii1sample/kalpana/index.php (13)
2017/03/24 19:06:38 [error] [php] Invalid argument supplied for foreach() (/var/www/html/yii1sample/framework/web/auth/CAccessControlFilter.php:105)
Stack trace:
#0 /var/www/html/yii1sample/framework/web/filters/CFilterChain.php(130): CInlineFilter->filter()
#1 /var/www/html/yii1sample/framework/web/CController.php(291): CFilterChain->run()
#2 /var/www/html/yii1sample/framework/web/CController.php(265): UserController->runActionWithFilters()
#3 /var/www/html/yii1sample/framework/web/CWebApplication.php(282): UserController->run()
#4 /var/www/html/yii1sample/framework/web/CWebApplication.php(141): CWebApplication->runController()
#5 /var/www/html/yii1sample/framework/base/CApplication.php(185): CWebApplication->processRequest()
#6 /var/www/html/yii1sample/kalpana/index.php(13): CWebApplication->run()
REQUEST_URI=/yii1sample/kalpana/index.php/user/index
in /var/www/html/yii1sample/kalpana/index.php (13)
2017/03/24 19:07:31 [error] [php] Invalid argument supplied for foreach() (/var/www/html/yii1sample/framework/web/auth/CAccessControlFilter.php:105)
Stack trace:
#0 /var/www/html/yii1sample/framework/web/filters/CFilterChain.php(130): CInlineFilter->filter()
#1 /var/www/html/yii1sample/framework/web/CController.php(291): CFilterChain->run()
#2 /var/www/html/yii1sample/framework/web/CController.php(265): UserController->runActionWithFilters()
#3 /var/www/html/yii1sample/framework/web/CWebApplication.php(282): UserController->run()
#4 /var/www/html/yii1sample/framework/web/CWebApplication.php(141): CWebApplication->runController()
#5 /var/www/html/yii1sample/framework/base/CApplication.php(185): CWebApplication->processRequest()
#6 /var/www/html/yii1sample/kalpana/index.php(13): CWebApplication->run()
REQUEST_URI=/yii1sample/kalpana/index.php/user/update/1
in /var/www/html/yii1sample/kalpana/index.php (13)
2017/03/24 19:11:35 [error] [exception.CHttpException.403] exception 'CHttpException' with message 'You are not authorized to perform this action.' in /var/www/html/yii1sample/framework/web/auth/CAccessControlFilter.php:183
Stack trace:
#0 /var/www/html/yii1sample/framework/web/auth/CAccessControlFilter.php(146): CAccessControlFilter->accessDenied(Object(CWebUser), 'You are not aut...')
#1 /var/www/html/yii1sample/framework/web/filters/CFilter.php(38): CAccessControlFilter->preFilter(Object(CFilterChain))
#2 /var/www/html/yii1sample/framework/web/CController.php(1145): CFilter->filter(Object(CFilterChain))
#3 /var/www/html/yii1sample/framework/web/filters/CInlineFilter.php(58): CController->filterAccessControl(Object(CFilterChain))
#4 /var/www/html/yii1sample/framework/web/filters/CFilterChain.php(130): CInlineFilter->filter(Object(CFilterChain))
#5 /var/www/html/yii1sample/framework/web/CController.php(291): CFilterChain->run()
#6 /var/www/html/yii1sample/framework/web/CController.php(265): CController->runActionWithFilters(Object(CInlineAction), Array)
#7 /var/www/html/yii1sample/framework/web/CWebApplication.php(282): CController->run('update')
#8 /var/www/html/yii1sample/framework/web/CWebApplication.php(141): CWebApplication->runController('user/update')
#9 /var/www/html/yii1sample/framework/base/CApplication.php(185): CWebApplication->processRequest()
#10 /var/www/html/yii1sample/kalpana/index.php(13): CApplication->run()
#11 {main}
REQUEST_URI=/yii1sample/kalpana/index.php/user/update/1
HTTP_REFERER=http://localhost/yii1sample/kalpana/user/index
---
2017/03/24 19:11:59 [error] [exception.CHttpException.403] exception 'CHttpException' with message 'You are not authorized to perform this action.' in /var/www/html/yii1sample/framework/web/auth/CAccessControlFilter.php:183
Stack trace:
#0 /var/www/html/yii1sample/framework/web/auth/CAccessControlFilter.php(146): CAccessControlFilter->accessDenied(Object(CWebUser), 'You are not aut...')
#1 /var/www/html/yii1sample/framework/web/filters/CFilter.php(38): CAccessControlFilter->preFilter(Object(CFilterChain))
#2 /var/www/html/yii1sample/framework/web/CController.php(1145): CFilter->filter(Object(CFilterChain))
#3 /var/www/html/yii1sample/framework/web/filters/CInlineFilter.php(58): CController->filterAccessControl(Object(CFilterChain))
#4 /var/www/html/yii1sample/framework/web/filters/CFilterChain.php(130): CInlineFilter->filter(Object(CFilterChain))
#5 /var/www/html/yii1sample/framework/web/CController.php(291): CFilterChain->run()
#6 /var/www/html/yii1sample/framework/web/CController.php(265): CController->runActionWithFilters(Object(CInlineAction), Array)
#7 /var/www/html/yii1sample/framework/web/CWebApplication.php(282): CController->run('update')
#8 /var/www/html/yii1sample/framework/web/CWebApplication.php(141): CWebApplication->runController('user/update')
#9 /var/www/html/yii1sample/framework/base/CApplication.php(185): CWebApplication->processRequest()
#10 /var/www/html/yii1sample/kalpana/index.php(13): CApplication->run()
#11 {main}
REQUEST_URI=/yii1sample/kalpana/index.php/user/update/1
HTTP_REFERER=http://localhost/yii1sample/kalpana/user/index
---
2017/03/24 19:17:43 [error] [exception.CHttpException.403] exception 'CHttpException' with message 'You are not authorized to perform this action.' in /var/www/html/yii1sample/framework/web/auth/CAccessControlFilter.php:183
Stack trace:
#0 /var/www/html/yii1sample/framework/web/auth/CAccessControlFilter.php(146): CAccessControlFilter->accessDenied(Object(CWebUser), 'You are not aut...')
#1 /var/www/html/yii1sample/framework/web/filters/CFilter.php(38): CAccessControlFilter->preFilter(Object(CFilterChain))
#2 /var/www/html/yii1sample/framework/web/CController.php(1145): CFilter->filter(Object(CFilterChain))
#3 /var/www/html/yii1sample/framework/web/filters/CInlineFilter.php(58): CController->filterAccessControl(Object(CFilterChain))
#4 /var/www/html/yii1sample/framework/web/filters/CFilterChain.php(130): CInlineFilter->filter(Object(CFilterChain))
#5 /var/www/html/yii1sample/framework/web/CController.php(291): CFilterChain->run()
#6 /var/www/html/yii1sample/framework/web/CController.php(265): CController->runActionWithFilters(Object(CInlineAction), Array)
#7 /var/www/html/yii1sample/framework/web/CWebApplication.php(282): CController->run('update')
#8 /var/www/html/yii1sample/framework/web/CWebApplication.php(141): CWebApplication->runController('user/update')
#9 /var/www/html/yii1sample/framework/base/CApplication.php(185): CWebApplication->processRequest()
#10 /var/www/html/yii1sample/kalpana/index.php(13): CApplication->run()
#11 {main}
REQUEST_URI=/yii1sample/kalpana/index.php/user/update/1
HTTP_REFERER=http://localhost/yii1sample/kalpana/user/index
---
2017/03/24 19:18:23 [error] [exception.CHttpException.403] exception 'CHttpException' with message 'You are not authorized to perform this action.' in /var/www/html/yii1sample/framework/web/auth/CAccessControlFilter.php:183
Stack trace:
#0 /var/www/html/yii1sample/framework/web/auth/CAccessControlFilter.php(146): CAccessControlFilter->accessDenied(Object(CWebUser), 'You are not aut...')
#1 /var/www/html/yii1sample/framework/web/filters/CFilter.php(38): CAccessControlFilter->preFilter(Object(CFilterChain))
#2 /var/www/html/yii1sample/framework/web/CController.php(1145): CFilter->filter(Object(CFilterChain))
#3 /var/www/html/yii1sample/framework/web/filters/CInlineFilter.php(58): CController->filterAccessControl(Object(CFilterChain))
#4 /var/www/html/yii1sample/framework/web/filters/CFilterChain.php(130): CInlineFilter->filter(Object(CFilterChain))
#5 /var/www/html/yii1sample/framework/web/CController.php(291): CFilterChain->run()
#6 /var/www/html/yii1sample/framework/web/CController.php(265): CController->runActionWithFilters(Object(CInlineAction), Array)
#7 /var/www/html/yii1sample/framework/web/CWebApplication.php(282): CController->run('update')
#8 /var/www/html/yii1sample/framework/web/CWebApplication.php(141): CWebApplication->runController('user/update')
#9 /var/www/html/yii1sample/framework/base/CApplication.php(185): CWebApplication->processRequest()
#10 /var/www/html/yii1sample/kalpana/index.php(13): CApplication->run()
#11 {main}
REQUEST_URI=/yii1sample/kalpana/index.php/user/update/1
HTTP_REFERER=http://localhost/yii1sample/kalpana/user/index
---
2017/03/24 19:18:47 [error] [exception.CHttpException.403] exception 'CHttpException' with message 'You are not authorized to perform this action.' in /var/www/html/yii1sample/framework/web/auth/CAccessControlFilter.php:182
Stack trace:
#0 /var/www/html/yii1sample/framework/web/auth/CAccessControlFilter.php(145): CAccessControlFilter->accessDenied(Object(CWebUser), 'You are not aut...')
#1 /var/www/html/yii1sample/framework/web/filters/CFilter.php(38): CAccessControlFilter->preFilter(Object(CFilterChain))
#2 /var/www/html/yii1sample/framework/web/CController.php(1145): CFilter->filter(Object(CFilterChain))
#3 /var/www/html/yii1sample/framework/web/filters/CInlineFilter.php(58): CController->filterAccessControl(Object(CFilterChain))
#4 /var/www/html/yii1sample/framework/web/filters/CFilterChain.php(130): CInlineFilter->filter(Object(CFilterChain))
#5 /var/www/html/yii1sample/framework/web/CController.php(291): CFilterChain->run()
#6 /var/www/html/yii1sample/framework/web/CController.php(265): CController->runActionWithFilters(Object(CInlineAction), Array)
#7 /var/www/html/yii1sample/framework/web/CWebApplication.php(282): CController->run('update')
#8 /var/www/html/yii1sample/framework/web/CWebApplication.php(141): CWebApplication->runController('user/update')
#9 /var/www/html/yii1sample/framework/base/CApplication.php(185): CWebApplication->processRequest()
#10 /var/www/html/yii1sample/kalpana/index.php(13): CApplication->run()
#11 {main}
REQUEST_URI=/yii1sample/kalpana/index.php/user/update/1
HTTP_REFERER=http://localhost/yii1sample/kalpana/user/index
---
2017/03/24 19:22:26 [error] [exception.CHttpException.404] exception 'CHttpException' with message 'The system is unable to find the requested action "adasd".' in /var/www/html/yii1sample/framework/web/CController.php:483
Stack trace:
#0 /var/www/html/yii1sample/framework/web/CController.php(270): CController->missingAction('adasd')
#1 /var/www/html/yii1sample/framework/web/CWebApplication.php(282): CController->run('adasd')
#2 /var/www/html/yii1sample/framework/web/CWebApplication.php(141): CWebApplication->runController('user/adasd')
#3 /var/www/html/yii1sample/framework/base/CApplication.php(185): CWebApplication->processRequest()
#4 /var/www/html/yii1sample/kalpana/index.php(13): CApplication->run()
#5 {main}
REQUEST_URI=/yii1sample/kalpana/index.php/user/adasd
---
2017/03/24 19:24:25 [error] [exception.CHttpException.404] exception 'CHttpException' with message 'The system is unable to find the requested action "adasd".' in /var/www/html/yii1sample/framework/web/CController.php:483
Stack trace:
#0 /var/www/html/yii1sample/framework/web/CController.php(270): CController->missingAction('adasd')
#1 /var/www/html/yii1sample/framework/web/CWebApplication.php(282): CController->run('adasd')
#2 /var/www/html/yii1sample/framework/web/CWebApplication.php(141): CWebApplication->runController('user/adasd')
#3 /var/www/html/yii1sample/framework/base/CApplication.php(185): CWebApplication->processRequest()
#4 /var/www/html/yii1sample/kalpana/index.php(13): CApplication->run()
#5 {main}
REQUEST_URI=/yii1sample/kalpana/index.php/user/adasd
---
2017/03/24 19:24:33 [error] [exception.CHttpException.403] exception 'CHttpException' with message 'You are not authorized to perform this action.' in /var/www/html/yii1sample/framework/web/auth/CAccessControlFilter.php:182
Stack trace:
#0 /var/www/html/yii1sample/framework/web/auth/CAccessControlFilter.php(145): CAccessControlFilter->accessDenied(Object(CWebUser), 'You are not aut...')
#1 /var/www/html/yii1sample/framework/web/filters/CFilter.php(38): CAccessControlFilter->preFilter(Object(CFilterChain))
#2 /var/www/html/yii1sample/framework/web/CController.php(1145): CFilter->filter(Object(CFilterChain))
#3 /var/www/html/yii1sample/framework/web/filters/CInlineFilter.php(58): CController->filterAccessControl(Object(CFilterChain))
#4 /var/www/html/yii1sample/framework/web/filters/CFilterChain.php(130): CInlineFilter->filter(Object(CFilterChain))
#5 /var/www/html/yii1sample/framework/web/CController.php(291): CFilterChain->run()
#6 /var/www/html/yii1sample/framework/web/CController.php(265): CController->runActionWithFilters(Object(CInlineAction), Array)
#7 /var/www/html/yii1sample/framework/web/CWebApplication.php(282): CController->run('update')
#8 /var/www/html/yii1sample/framework/web/CWebApplication.php(141): CWebApplication->runController('user/update')
#9 /var/www/html/yii1sample/framework/base/CApplication.php(185): CWebApplication->processRequest()
#10 /var/www/html/yii1sample/kalpana/index.php(13): CApplication->run()
#11 {main}
REQUEST_URI=/yii1sample/kalpana/index.php/user/update/1
HTTP_REFERER=http://localhost/yii1sample/kalpana/user/index
---
2017/03/24 19:24:33 [error] [php] Undefined index: site (/var/www/html/yii1sample/kalpana/protected/components/Controller.php:54)
Stack trace:
#0 /var/www/html/yii1sample/framework/web/filters/CFilterChain.php(130): CInlineFilter->filter()
#1 /var/www/html/yii1sample/framework/web/CController.php(291): CFilterChain->run()
#2 /var/www/html/yii1sample/framework/web/CController.php(265): SiteController->runActionWithFilters()
#3 /var/www/html/yii1sample/framework/web/CWebApplication.php(282): SiteController->run()
#4 /var/www/html/yii1sample/framework/web/CWebApplication.php(141): CWebApplication->runController()
#5 /var/www/html/yii1sample/framework/base/CApplication.php(185): CWebApplication->processRequest()
#6 /var/www/html/yii1sample/kalpana/index.php(13): CWebApplication->run()
REQUEST_URI=/yii1sample/kalpana/index.php
in /var/www/html/yii1sample/kalpana/protected/components/Controller.php (54)
in /var/www/html/yii1sample/kalpana/index.php (13)
2017/03/24 19:24:49 [error] [exception.CHttpException.403] exception 'CHttpException' with message 'You are not authorized to perform this action.' in /var/www/html/yii1sample/framework/web/auth/CAccessControlFilter.php:182
Stack trace:
#0 /var/www/html/yii1sample/framework/web/auth/CAccessControlFilter.php(145): CAccessControlFilter->accessDenied(Object(CWebUser), 'You are not aut...')
#1 /var/www/html/yii1sample/framework/web/filters/CFilter.php(38): CAccessControlFilter->preFilter(Object(CFilterChain))
#2 /var/www/html/yii1sample/framework/web/CController.php(1145): CFilter->filter(Object(CFilterChain))
#3 /var/www/html/yii1sample/framework/web/filters/CInlineFilter.php(58): CController->filterAccessControl(Object(CFilterChain))
#4 /var/www/html/yii1sample/framework/web/filters/CFilterChain.php(130): CInlineFilter->filter(Object(CFilterChain))
#5 /var/www/html/yii1sample/framework/web/CController.php(291): CFilterChain->run()
#6 /var/www/html/yii1sample/framework/web/CController.php(265): CController->runActionWithFilters(Object(CInlineAction), Array)
#7 /var/www/html/yii1sample/framework/web/CWebApplication.php(282): CController->run('update')
#8 /var/www/html/yii1sample/framework/web/CWebApplication.php(141): CWebApplication->runController('user/update')
#9 /var/www/html/yii1sample/framework/base/CApplication.php(185): CWebApplication->processRequest()
#10 /var/www/html/yii1sample/kalpana/index.php(13): CApplication->run()
#11 {main}
REQUEST_URI=/yii1sample/kalpana/index.php/user/update/1
HTTP_REFERER=http://localhost/yii1sample/kalpana/user/index
---
2017/03/24 19:27:56 [error] [exception.CHttpException.404] exception 'CHttpException' with message 'Unable to resolve the request "guest/checkin".' in /var/www/html/yii1sample/framework/web/CWebApplication.php:286
Stack trace:
#0 /var/www/html/yii1sample/framework/web/CWebApplication.php(141): CWebApplication->runController('guest/checkin')
#1 /var/www/html/yii1sample/framework/base/CApplication.php(185): CWebApplication->processRequest()
#2 /var/www/html/yii1sample/kalpana/index.php(13): CApplication->run()
#3 {main}
REQUEST_URI=/yii1sample/kalpana/index.php/guest/checkin
HTTP_REFERER=http://localhost/yii1sample/kalpana/index.php/user/update/1
---
2017/03/24 19:28:03 [error] [exception.CHttpException.404] exception 'CHttpException' with message 'Unable to resolve the request "guest/checkout".' in /var/www/html/yii1sample/framework/web/CWebApplication.php:286
Stack trace:
#0 /var/www/html/yii1sample/framework/web/CWebApplication.php(141): CWebApplication->runController('guest/checkout')
#1 /var/www/html/yii1sample/framework/base/CApplication.php(185): CWebApplication->processRequest()
#2 /var/www/html/yii1sample/kalpana/index.php(13): CApplication->run()
#3 {main}
REQUEST_URI=/yii1sample/kalpana/index.php/guest/checkout
HTTP_REFERER=http://localhost/yii1sample/kalpana/index.php/guest/checkin
---
